20:28:22.555 [main] 28   evel tests.LoginTest -Browser get launched
20:28:26.610 [main] 30   evel tests.LoginTest -Navigated to Application URL
20:28:26.714 [main] 39   evel tests.LoginTest -Clicked on My Account Dropdown
20:28:27.118 [main] 41   evel tests.LoginTest -Clicked on Login Option
20:28:27.245 [main] 49   evel tests.LoginTest -Entered Email address
20:28:27.360 [main] 51   evel tests.LoginTest -Entered password
20:28:28.480 [main] 53   evel tests.LoginTest -Clicked on Login Btn
20:28:31.563 [main] 62   evel tests.LoginTest -Login is Successful
20:28:31.565 [main] 69   evel tests.LoginTest -Login test got passed
20:28:31.643 [main] 74   evel tests.LoginTest -Browser got closed
20:28:32.531 [main] 28   evel tests.LoginTest -Browser get launched
20:28:53.877 [main] 30   evel tests.LoginTest -Navigated to Application URL
20:28:53.964 [main] 39   evel tests.LoginTest -Clicked on My Account Dropdown
20:28:54.462 [main] 41   evel tests.LoginTest -Clicked on Login Option
20:28:54.590 [main] 49   evel tests.LoginTest -Entered Email address
20:28:54.694 [main] 51   evel tests.LoginTest -Entered password
20:28:55.279 [main] 53   evel tests.LoginTest -Clicked on Login Btn
20:29:08.357 [main] 66   evel tests.LoginTest -Login is Failed
20:29:08.357 [main] 69   evel tests.LoginTest -Login test got passed
20:29:08.502 [main] 74   evel tests.LoginTest -Browser got closed
20:47:54.621 [main] 28   evel tests.LoginTest -Browser get launched
20:48:00.210 [main] 30   evel tests.LoginTest -Navigated to Application URL
20:48:00.308 [main] 39   evel tests.LoginTest -Clicked on My Account Dropdown
20:48:00.922 [main] 41   evel tests.LoginTest -Clicked on Login Option
20:48:01.056 [main] 49   evel tests.LoginTest -Entered Email address
20:48:01.166 [main] 51   evel tests.LoginTest -Entered password
20:48:02.907 [main] 53   evel tests.LoginTest -Clicked on Login Btn
20:48:05.999 [main] 62   evel tests.LoginTest -Login is Successful
20:48:05.999 [main] 69   evel tests.LoginTest -Login test got passed
20:48:06.111 [main] 74   evel tests.LoginTest -Browser got closed
20:48:07.051 [main] 28   evel tests.LoginTest -Browser get launched
20:48:13.887 [main] 30   evel tests.LoginTest -Navigated to Application URL
20:48:13.959 [main] 39   evel tests.LoginTest -Clicked on My Account Dropdown
20:48:14.537 [main] 41   evel tests.LoginTest -Clicked on Login Option
20:48:14.681 [main] 49   evel tests.LoginTest -Entered Email address
20:48:14.785 [main] 51   evel tests.LoginTest -Entered password
20:48:15.403 [main] 53   evel tests.LoginTest -Clicked on Login Btn
20:48:28.490 [main] 66   evel tests.LoginTest -Login is Failed
20:48:28.490 [main] 69   evel tests.LoginTest -Login test got passed
20:48:28.567 [main] 74   evel tests.LoginTest -Browser got closed
07:58:33.361 [main] 28   evel tests.LoginTest -Browser get launched
07:58:37.939 [main] 30   evel tests.LoginTest -Navigated to Application URL
07:58:38.035 [main] 39   evel tests.LoginTest -Clicked on My Account Dropdown
07:58:38.590 [main] 41   evel tests.LoginTest -Clicked on Login Option
07:58:38.695 [main] 49   evel tests.LoginTest -Entered Email address
07:58:38.799 [main] 51   evel tests.LoginTest -Entered password
07:58:40.092 [main] 53   evel tests.LoginTest -Clicked on Login Btn
07:58:43.174 [main] 62   evel tests.LoginTest -Login is Successful
07:58:43.174 [main] 69   evel tests.LoginTest -Login test got passed
07:58:43.287 [main] 74   evel tests.LoginTest -Browser got closed
07:58:44.182 [main] 28   evel tests.LoginTest -Browser get launched
07:58:53.851 [main] 30   evel tests.LoginTest -Navigated to Application URL
07:58:53.939 [main] 39   evel tests.LoginTest -Clicked on My Account Dropdown
07:58:54.729 [main] 41   evel tests.LoginTest -Clicked on Login Option
07:58:54.865 [main] 49   evel tests.LoginTest -Entered Email address
07:58:54.962 [main] 51   evel tests.LoginTest -Entered password
07:58:55.571 [main] 53   evel tests.LoginTest -Clicked on Login Btn
07:59:08.639 [main] 66   evel tests.LoginTest -Login is Failed
07:59:08.639 [main] 69   evel tests.LoginTest -Login test got passed
07:59:08.720 [main] 74   evel tests.LoginTest -Browser got closed
09:15:43.401 [main] 28   evel tests.LoginTest -Browser get launched
09:15:47.587 [main] 30   evel tests.LoginTest -Navigated to Application URL
09:15:47.687 [main] 39   evel tests.LoginTest -Clicked on My Account Dropdown
09:15:48.186 [main] 41   evel tests.LoginTest -Clicked on Login Option
09:15:48.285 [main] 49   evel tests.LoginTest -Entered Email address
09:15:48.352 [main] 51   evel tests.LoginTest -Entered password
09:15:49.355 [main] 53   evel tests.LoginTest -Clicked on Login Btn
09:15:52.418 [main] 62   evel tests.LoginTest -Login is Successful
09:15:52.418 [main] 69   evel tests.LoginTest -Login test got passed
09:15:52.523 [main] 74   evel tests.LoginTest -Browser got closed
09:15:53.238 [main] 28   evel tests.LoginTest -Browser get launched
09:15:58.192 [main] 30   evel tests.LoginTest -Navigated to Application URL
09:15:58.253 [main] 39   evel tests.LoginTest -Clicked on My Account Dropdown
09:15:58.742 [main] 41   evel tests.LoginTest -Clicked on Login Option
09:15:58.830 [main] 49   evel tests.LoginTest -Entered Email address
09:15:58.904 [main] 51   evel tests.LoginTest -Entered password
09:15:59.342 [main] 53   evel tests.LoginTest -Clicked on Login Btn
09:16:12.401 [main] 66   evel tests.LoginTest -Login is Failed
09:16:12.401 [main] 69   evel tests.LoginTest -Login test got passed
09:16:12.495 [main] 74   evel tests.LoginTest -Browser got closed
10:48:03.909 [TestNG-tests-3] 28   evel tests.LoginTest -Browser get launched
10:48:09.187 [TestNG-tests-3] 30   evel tests.LoginTest -Navigated to Application URL
10:48:09.324 [TestNG-tests-3] 39   evel tests.LoginTest -Clicked on My Account Dropdown
10:48:09.800 [TestNG-tests-3] 41   evel tests.LoginTest -Clicked on Login Option
10:48:09.960 [TestNG-tests-3] 49   evel tests.LoginTest -Entered Email address
10:48:10.056 [TestNG-tests-3] 51   evel tests.LoginTest -Entered password
10:48:11.008 [TestNG-tests-3] 53   evel tests.LoginTest -Clicked on Login Btn
10:48:14.095 [TestNG-tests-3] 62   evel tests.LoginTest -Login is Successful
10:48:14.097 [TestNG-tests-3] 69   evel tests.LoginTest -Login test got passed
10:48:14.235 [TestNG-tests-3] 74   evel tests.LoginTest -Browser got closed
10:48:15.151 [TestNG-tests-3] 28   evel tests.LoginTest -Browser get launched
10:48:19.058 [TestNG-tests-3] 30   evel tests.LoginTest -Navigated to Application URL
10:48:19.154 [TestNG-tests-3] 39   evel tests.LoginTest -Clicked on My Account Dropdown
10:48:19.600 [TestNG-tests-3] 41   evel tests.LoginTest -Clicked on Login Option
10:48:19.725 [TestNG-tests-3] 49   evel tests.LoginTest -Entered Email address
10:48:19.812 [TestNG-tests-3] 51   evel tests.LoginTest -Entered password
10:48:20.294 [TestNG-tests-3] 53   evel tests.LoginTest -Clicked on Login Btn
10:48:33.361 [TestNG-tests-3] 66   evel tests.LoginTest -Login is Failed
10:48:33.362 [TestNG-tests-3] 69   evel tests.LoginTest -Login test got passed
10:48:33.438 [TestNG-tests-3] 74   evel tests.LoginTest -Browser got closed
